Debug: Processing child 0 of 'PARAM_LIST'
Debug: Child type: 'PARAM' 'abs'
Debug: Checking for override of method 'abs' with signature 'abs@I' in class 'Arithmetic'
Debug: Functionend 'abs' with mangled name 'abs@I' declared.
Debug: Processing child 0 of 'PARAM_LIST'
Debug: Child type: 'PARAM' 'abs'
Debug: Checking for override of method 'abs' with signature 'abs@F' in class 'Arithmetic'
Debug: Functionend 'abs' with mangled name 'abs@F' declared.
Debug: Processing child 0 of 'PARAM_LIST'
Debug: Child type: 'PARAM' 'abs'
Debug: Checking for override of method 'abs' with signature 'abs@F' in class 'Arithmetic'
Debug: Functionend 'abs' with mangled name 'abs@F' declared.
mangled name: abs
Debug: Processing child 0 of 'ARG_LIST'
mangled name: abs
Debug: Child type: 'BIN_OP'
Debug: Processing child 0 of 'PARAM_LIST'
Debug: Child type: 'PARAM' 'sqrt'
Debug: Checking for override of method 'sqrt' with signature 'sqrt@F' in class 'Arithmetic'
Debug: Functionend 'sqrt' with mangled name 'sqrt@F' declared.
mangled name: abs
Debug: Processing child 0 of 'ARG_LIST'
mangled name: abs
Debug: Child type: 'BIN_OP'
Debug: Processing child 0 of 'PARAM_LIST'
Debug: Child type: 'PARAM' 'sqrt'
Debug: Checking for override of method 'sqrt' with signature 'sqrt@F' in class 'Arithmetic'
Debug: Functionend 'sqrt' with mangled name 'sqrt@F' declared.
mangled name: abs
Debug: Processing child 0 of 'ARG_LIST'
mangled name: abs
Debug: Child type: 'IDEN'
Debug: Processing child 0 of 'PARAM_LIST'
Debug: Child type: 'PARAM' 'exp'
Debug: Checking for override of method 'exp' with signature 'exp@F' in class 'Arithmetic'
Debug: Functionend 'exp' with mangled name 'exp@F' declared.
mangled name: abs
Debug: Processing child 0 of 'ARG_LIST'
mangled name: abs
Debug: Child type: 'IDEN'
Debug: Processing child 0 of 'PARAM_LIST'
Debug: Child type: 'PARAM' 'exp'
Debug: Checking for override of method 'exp' with signature 'exp@F' in class 'Arithmetic'
Debug: Functionend 'exp' with mangled name 'exp@F' declared.
mangled name: power
Debug: Processing child 0 of 'ARG_LIST'
mangled name: power
Debug: Child type: 'IDEN'
Debug: Processing child 1 of 'ARG_LIST'
mangled name: power@F
Debug: Child type: 'UN_OP'
Debug: Processing child 0 of 'PARAM_LIST'
Debug: Child type: 'PARAM' 'power'
Debug: Processing child 1 of 'PARAM_LIST'
Debug: Child type: 'PARAM_LIST' 'power@F'
Debug: Processing child 0 of 'PARAM_LIST'
Debug: Child type: 'PARAM' 'power@F'
Debug: Checking for override of method 'power' with signature 'power@F@I' in class 'Arithmetic'
Debug: Functionend 'power' with mangled name 'power@F@I' declared.
mangled name: power
Debug: Processing child 0 of 'ARG_LIST'
mangled name: power
Debug: Child type: 'IDEN'
Debug: Processing child 1 of 'ARG_LIST'
mangled name: power@F
Debug: Child type: 'UN_OP'
Debug: Processing child 0 of 'PARAM_LIST'
Debug: Child type: 'PARAM' 'power'
Debug: Processing child 1 of 'PARAM_LIST'
Debug: Child type: 'PARAM_LIST' 'power@F'
Debug: Processing child 0 of 'PARAM_LIST'
Debug: Child type: 'PARAM' 'power@F'
Debug: Checking for override of method 'power' with signature 'power@F@I' in class 'Arithmetic'
Debug: Functionend 'power' with mangled name 'power@F@I' declared.
Debug: Processing child 0 of 'PARAM_LIST'
Debug: Child type: 'PARAM' 'max'
Debug: Processing child 1 of 'PARAM_LIST'
Debug: Child type: 'PARAM_LIST' 'max@I'
Debug: Processing child 0 of 'PARAM_LIST'
Debug: Child type: 'PARAM' 'max@I'
Debug: Checking for override of method 'max' with signature 'max@I@I' in class 'Arithmetic'
Debug: Functionend 'max' with mangled name 'max@I@I' declared.
Debug: Processing child 0 of 'PARAM_LIST'
Debug: Child type: 'PARAM' 'max'
Debug: Processing child 1 of 'PARAM_LIST'
Debug: Child type: 'PARAM_LIST' 'max@F'
Debug: Processing child 0 of 'PARAM_LIST'
Debug: Child type: 'PARAM' 'max@F'
Debug: Checking for override of method 'max' with signature 'max@F@F' in class 'Arithmetic'
Debug: Functionend 'max' with mangled name 'max@F@F' declared.
Debug: Processing child 0 of 'PARAM_LIST'
Debug: Child type: 'PARAM' 'max'
Debug: Processing child 1 of 'PARAM_LIST'
Debug: Child type: 'PARAM_LIST' 'max@F'
Debug: Processing child 0 of 'PARAM_LIST'
Debug: Child type: 'PARAM' 'max@F'
Debug: Checking for override of method 'max' with signature 'max@F@F' in class 'Arithmetic'
Debug: Functionend 'max' with mangled name 'max@F@F' declared.
Debug: Processing child 0 of 'PARAM_LIST'
Debug: Child type: 'PARAM' 'min'
Debug: Processing child 1 of 'PARAM_LIST'
Debug: Child type: 'PARAM_LIST' 'min@I'
Debug: Processing child 0 of 'PARAM_LIST'
Debug: Child type: 'PARAM' 'min@I'
Debug: Checking for override of method 'min' with signature 'min@I@I' in class 'Arithmetic'
Debug: Functionend 'min' with mangled name 'min@I@I' declared.
Debug: Processing child 0 of 'PARAM_LIST'
Debug: Child type: 'PARAM' 'min'
Debug: Processing child 1 of 'PARAM_LIST'
Debug: Child type: 'PARAM_LIST' 'min@F'
Debug: Processing child 0 of 'PARAM_LIST'
Debug: Child type: 'PARAM' 'min@F'
Debug: Checking for override of method 'min' with signature 'min@F@F' in class 'Arithmetic'
Debug: Functionend 'min' with mangled name 'min@F@F' declared.
Debug: Processing child 0 of 'PARAM_LIST'
Debug: Child type: 'PARAM' 'min'
Debug: Processing child 1 of 'PARAM_LIST'
Debug: Child type: 'PARAM_LIST' 'min@F'
Debug: Processing child 0 of 'PARAM_LIST'
Debug: Child type: 'PARAM' 'min@F'
Debug: Checking for override of method 'min' with signature 'min@F@F' in class 'Arithmetic'
Debug: Functionend 'min' with mangled name 'min@F@F' declared.
Debug: No constructor found for 'Arithmetic'. Synthesizing a default constructor node.
Gen ASM for: PROGRAM () Scope: 0
  Gen ASM for: STATEMENTS () Scope: 0
    Gen ASM for: CLASS_DECL (Arithmetic) Scope: 0
      Gen ASM for: CLASS_BODY () Scope: 1
        Gen ASM for: FUNC_DEF (abs@I) Scope: 1
          Gen ASM for: STATEMENTS () Scope: 2
            Gen ASM for: IF () Scope: 2
              Gen STMT for: IF () Scope: 2
                Gen BOOL EXPR for: REL_OP (<)
                  Gen EXPR for: IDEN (x)
                  Gen EXPR for: NUM (0)
                Gen ASM for: STATEMENTS () Scope: 2
                  Gen ASM for: RETURN () Scope: 3
                    Gen STMT for: RETURN () Scope: 3
                      Gen EXPR for: UN_OP (-)
                        Gen EXPR for: IDEN (x)
            Gen ASM for: RETURN () Scope: 2
              Gen STMT for: RETURN () Scope: 2
                Gen EXPR for: IDEN (x)
        Gen ASM for: FUNC_DEF (abs@F) Scope: 1
          Gen ASM for: STATEMENTS () Scope: 2
            Gen ASM for: IF () Scope: 2
              Gen STMT for: IF () Scope: 2
                Gen BOOL EXPR for: REL_OP (<)
                  Gen EXPR for: IDEN (x)
                  Gen EXPR for: NUM (0)
                Gen ASM for: STATEMENTS () Scope: 2
                  Gen ASM for: RETURN () Scope: 3
                    Gen STMT for: RETURN () Scope: 3
                      Gen EXPR for: UN_OP (-)
                        Gen EXPR for: IDEN (x)
            Gen ASM for: RETURN () Scope: 2
              Gen STMT for: RETURN () Scope: 2
                Gen EXPR for: IDEN (x)
        Gen ASM for: FUNC_DEF (abs@F) Scope: 1
          Gen ASM for: STATEMENTS () Scope: 2
            Gen ASM for: IF () Scope: 2
              Gen STMT for: IF () Scope: 2
                Gen BOOL EXPR for: REL_OP (<)
                  Gen EXPR for: IDEN (x)
                  Gen EXPR for: NUM (0)
                Gen ASM for: STATEMENTS () Scope: 2
                  Gen ASM for: RETURN () Scope: 3
                    Gen STMT for: RETURN () Scope: 3
                      Gen EXPR for: UN_OP (-)
                        Gen EXPR for: IDEN (x)
            Gen ASM for: RETURN () Scope: 2
              Gen STMT for: RETURN () Scope: 2
                Gen EXPR for: IDEN (x)
        Gen ASM for: FUNC_DEF (sqrt@F) Scope: 1
          Gen ASM for: STATEMENTS () Scope: 2
            Gen ASM for: IF () Scope: 2
              Gen STMT for: IF () Scope: 2
                Gen BOOL EXPR for: REL_OP (<)
                  Gen EXPR for: IDEN (x)
                  Gen EXPR for: NUM (0)
                Gen ASM for: RETURN () Scope: 2
                  Gen STMT for: RETURN () Scope: 2
                    Gen EXPR for: UN_OP (-)
                      Gen EXPR for: NUM (1)
            Gen ASM for: IF () Scope: 2
              Gen STMT for: IF () Scope: 2
                Gen BOOL EXPR for: BOOL_OP (||)
                  Gen BOOL EXPR for: REL_OP (==)
                    Gen EXPR for: IDEN (x)
                    Gen EXPR for: NUM (0)
                  Gen BOOL EXPR for: REL_OP (==)
                    Gen EXPR for: IDEN (x)
                    Gen EXPR for: NUM (1)
                Gen ASM for: RETURN () Scope: 2
                  Gen STMT for: RETURN () Scope: 2
                    Gen EXPR for: IDEN (x)
            Gen ASM for: DECL_STMT () Scope: 2
              Gen STMT for: DECL_STMT () Scope: 2
                Gen ASM for: DECL_LIST () Scope: 2
                  Gen ASM for: VAR_INIT (guess) Scope: 2
                    Gen STMT for: VAR_INIT (guess) Scope: 2
                      Gen EXPR for: IDEN (x)
            Gen ASM for: DECL_STMT () Scope: 2
              Gen STMT for: DECL_STMT () Scope: 2
                Gen ASM for: DECL_LIST () Scope: 2
                  Gen ASM for: VAR_INIT (eps) Scope: 2
                    Gen STMT for: VAR_INIT (eps) Scope: 2
                      Gen EXPR for: NUM (0.0000000001)
            Gen ASM for: WHILE () Scope: 2
              Gen STMT for: WHILE () Scope: 2
                Gen BOOL EXPR for: BOOL_CONST (true)
                Gen ASM for: STATEMENTS () Scope: 2
                  Gen ASM for: DECL_STMT () Scope: 3
                    Gen STMT for: DECL_STMT () Scope: 3
                      Gen ASM for: DECL_LIST () Scope: 3
                        Gen ASM for: VAR_INIT (newGuess) Scope: 3
                          Gen STMT for: VAR_INIT (newGuess) Scope: 3
                            Gen EXPR for: BIN_OP (*)
                              Gen EXPR for: NUM (0.5)
                              Gen EXPR for: BIN_OP (+)
                                Gen EXPR for: IDEN (guess)
                                Gen EXPR for: BIN_OP (/)
                                  Gen EXPR for: IDEN (x)
                                  Gen EXPR for: IDEN (guess)
                  Gen ASM for: IF () Scope: 3
                    Gen STMT for: IF () Scope: 3
                      Gen BOOL EXPR for: REL_OP (<)
                        Gen EXPR for: FUNC_CALL (abs@F)
Debug: Checking method 'abs' with signature 'abs@I' against 'abs@F' 0 0
Debug: Checking method 'abs' with signature 'abs@F' against 'abs@F' 1 1
Debug: Looking up method vtable index for 'abs@F' in class 'Arithmetic'
Debug: Checking method 'abs' with signature 'abs@I' against 'abs@F' 0 0
Debug: Checking method 'abs' with signature 'abs@F' against 'abs@F' 1 1
Debug: Method lookup result: found
                          Gen EXPR for: BIN_OP (-)
                            Gen EXPR for: IDEN (newGuess)
                            Gen EXPR for: IDEN (guess)
                        Gen EXPR for: IDEN (eps)
                      Gen ASM for: BREAK () Scope: 3
                        Gen STMT for: BREAK () Scope: 3
                  Gen ASM for: ASSIGN () Scope: 3
                    Gen STMT for: ASSIGN () Scope: 3
                      Gen EXPR for: IDEN (newGuess)
            Gen ASM for: RETURN () Scope: 2
              Gen STMT for: RETURN () Scope: 2
                Gen EXPR for: IDEN (guess)
        Gen ASM for: FUNC_DEF (sqrt@F) Scope: 1
          Gen ASM for: STATEMENTS () Scope: 2
            Gen ASM for: IF () Scope: 2
              Gen STMT for: IF () Scope: 2
                Gen BOOL EXPR for: REL_OP (<)
                  Gen EXPR for: IDEN (x)
                  Gen EXPR for: NUM (0)
                Gen ASM for: RETURN () Scope: 2
                  Gen STMT for: RETURN () Scope: 2
                    Gen EXPR for: UN_OP (-)
                      Gen EXPR for: NUM (1)
            Gen ASM for: IF () Scope: 2
              Gen STMT for: IF () Scope: 2
                Gen BOOL EXPR for: BOOL_OP (||)
                  Gen BOOL EXPR for: REL_OP (==)
                    Gen EXPR for: IDEN (x)
                    Gen EXPR for: NUM (0)
                  Gen BOOL EXPR for: REL_OP (==)
                    Gen EXPR for: IDEN (x)
                    Gen EXPR for: NUM (1)
                Gen ASM for: RETURN () Scope: 2
                  Gen STMT for: RETURN () Scope: 2
                    Gen EXPR for: IDEN (x)
            Gen ASM for: DECL_STMT () Scope: 2
              Gen STMT for: DECL_STMT () Scope: 2
                Gen ASM for: DECL_LIST () Scope: 2
                  Gen ASM for: VAR_INIT (guess) Scope: 2
                    Gen STMT for: VAR_INIT (guess) Scope: 2
                      Gen EXPR for: IDEN (x)
            Gen ASM for: DECL_STMT () Scope: 2
              Gen STMT for: DECL_STMT () Scope: 2
                Gen ASM for: DECL_LIST () Scope: 2
                  Gen ASM for: VAR_INIT (eps) Scope: 2
                    Gen STMT for: VAR_INIT (eps) Scope: 2
                      Gen EXPR for: NUM (0.0000000001)
            Gen ASM for: WHILE () Scope: 2
              Gen STMT for: WHILE () Scope: 2
                Gen BOOL EXPR for: BOOL_CONST (true)
                Gen ASM for: STATEMENTS () Scope: 2
                  Gen ASM for: DECL_STMT () Scope: 3
                    Gen STMT for: DECL_STMT () Scope: 3
                      Gen ASM for: DECL_LIST () Scope: 3
                        Gen ASM for: VAR_INIT (newGuess) Scope: 3
                          Gen STMT for: VAR_INIT (newGuess) Scope: 3
                            Gen EXPR for: BIN_OP (*)
                              Gen EXPR for: NUM (0.5)
                              Gen EXPR for: BIN_OP (+)
                                Gen EXPR for: IDEN (guess)
                                Gen EXPR for: BIN_OP (/)
                                  Gen EXPR for: IDEN (x)
                                  Gen EXPR for: IDEN (guess)
                  Gen ASM for: IF () Scope: 3
                    Gen STMT for: IF () Scope: 3
                      Gen BOOL EXPR for: REL_OP (<)
                        Gen EXPR for: FUNC_CALL (abs@F)
Debug: Checking method 'abs' with signature 'abs@I' against 'abs@F' 0 0
Debug: Checking method 'abs' with signature 'abs@F' against 'abs@F' 1 1
Debug: Looking up method vtable index for 'abs@F' in class 'Arithmetic'
Debug: Checking method 'abs' with signature 'abs@I' against 'abs@F' 0 0
Debug: Checking method 'abs' with signature 'abs@F' against 'abs@F' 1 1
Debug: Method lookup result: found
                          Gen EXPR for: BIN_OP (-)
                            Gen EXPR for: IDEN (newGuess)
                            Gen EXPR for: IDEN (guess)
                        Gen EXPR for: IDEN (eps)
                      Gen ASM for: BREAK () Scope: 3
                        Gen STMT for: BREAK () Scope: 3
                  Gen ASM for: ASSIGN () Scope: 3
                    Gen STMT for: ASSIGN () Scope: 3
                      Gen EXPR for: IDEN (newGuess)
            Gen ASM for: RETURN () Scope: 2
              Gen STMT for: RETURN () Scope: 2
                Gen EXPR for: IDEN (guess)
        Gen ASM for: FUNC_DEF (exp@F) Scope: 1
          Gen ASM for: STATEMENTS () Scope: 2
            Gen ASM for: DECL_STMT () Scope: 2
              Gen STMT for: DECL_STMT () Scope: 2
                Gen ASM for: DECL_LIST () Scope: 2
                  Gen ASM for: VAR_INIT (term) Scope: 2
                    Gen STMT for: VAR_INIT (term) Scope: 2
                      Gen EXPR for: NUM (1)
            Gen ASM for: DECL_STMT () Scope: 2
              Gen STMT for: DECL_STMT () Scope: 2
                Gen ASM for: DECL_LIST () Scope: 2
                  Gen ASM for: VAR_INIT (sum) Scope: 2
                    Gen STMT for: VAR_INIT (sum) Scope: 2
                      Gen EXPR for: NUM (1)
            Gen ASM for: DECL_STMT () Scope: 2
              Gen STMT for: DECL_STMT () Scope: 2
                Gen ASM for: DECL_LIST () Scope: 2
                  Gen ASM for: VAR_INIT (n) Scope: 2
                    Gen STMT for: VAR_INIT (n) Scope: 2
                      Gen EXPR for: NUM (1)
            Gen ASM for: DECL_STMT () Scope: 2
              Gen STMT for: DECL_STMT () Scope: 2
                Gen ASM for: DECL_LIST () Scope: 2
                  Gen ASM for: VAR_INIT (eps) Scope: 2
                    Gen STMT for: VAR_INIT (eps) Scope: 2
                      Gen EXPR for: NUM (0.0000000000001)
            Gen ASM for: WHILE () Scope: 2
              Gen STMT for: WHILE () Scope: 2
                Gen BOOL EXPR for: REL_OP (>)
                  Gen EXPR for: FUNC_CALL (abs@F)
Debug: Checking method 'abs' with signature 'abs@I' against 'abs@F' 0 0
Debug: Checking method 'abs' with signature 'abs@F' against 'abs@F' 1 1
Debug: Looking up method vtable index for 'abs@F' in class 'Arithmetic'
Debug: Checking method 'abs' with signature 'abs@I' against 'abs@F' 0 0
Debug: Checking method 'abs' with signature 'abs@F' against 'abs@F' 1 1
Debug: Method lookup result: found
                    Gen EXPR for: IDEN (term)
                  Gen EXPR for: IDEN (eps)
                Gen ASM for: STATEMENTS () Scope: 2
                  Gen ASM for: ASSIGN () Scope: 3
                    Gen STMT for: ASSIGN () Scope: 3
                      Gen EXPR for: BIN_OP (/)
                        Gen EXPR for: BIN_OP (*)
                          Gen EXPR for: IDEN (term)
                          Gen EXPR for: IDEN (x)
                        Gen EXPR for: IDEN (n)
                  Gen ASM for: ASSIGN () Scope: 3
                    Gen STMT for: ASSIGN () Scope: 3
                      Gen EXPR for: BIN_OP (+)
                        Gen EXPR for: IDEN (sum)
                        Gen EXPR for: IDEN (term)
                  Gen ASM for: ASSIGN () Scope: 3
                    Gen STMT for: ASSIGN () Scope: 3
                      Gen EXPR for: BIN_OP (+)
                        Gen EXPR for: IDEN (n)
                        Gen EXPR for: NUM (1)
            Gen ASM for: RETURN () Scope: 2
              Gen STMT for: RETURN () Scope: 2
                Gen EXPR for: IDEN (sum)
        Gen ASM for: FUNC_DEF (exp@F) Scope: 1
          Gen ASM for: STATEMENTS () Scope: 2
            Gen ASM for: DECL_STMT () Scope: 2
              Gen STMT for: DECL_STMT () Scope: 2
                Gen ASM for: DECL_LIST () Scope: 2
                  Gen ASM for: VAR_INIT (term) Scope: 2
                    Gen STMT for: VAR_INIT (term) Scope: 2
                      Gen EXPR for: NUM (1)
            Gen ASM for: DECL_STMT () Scope: 2
              Gen STMT for: DECL_STMT () Scope: 2
                Gen ASM for: DECL_LIST () Scope: 2
                  Gen ASM for: VAR_INIT (sum) Scope: 2
                    Gen STMT for: VAR_INIT (sum) Scope: 2
                      Gen EXPR for: NUM (1)
            Gen ASM for: DECL_STMT () Scope: 2
              Gen STMT for: DECL_STMT () Scope: 2
                Gen ASM for: DECL_LIST () Scope: 2
                  Gen ASM for: VAR_INIT (n) Scope: 2
                    Gen STMT for: VAR_INIT (n) Scope: 2
                      Gen EXPR for: NUM (1)
            Gen ASM for: DECL_STMT () Scope: 2
              Gen STMT for: DECL_STMT () Scope: 2
                Gen ASM for: DECL_LIST () Scope: 2
                  Gen ASM for: VAR_INIT (eps) Scope: 2
                    Gen STMT for: VAR_INIT (eps) Scope: 2
                      Gen EXPR for: NUM (0.0000000000001)
            Gen ASM for: WHILE () Scope: 2
              Gen STMT for: WHILE () Scope: 2
                Gen BOOL EXPR for: REL_OP (>)
                  Gen EXPR for: FUNC_CALL (abs@F)
Debug: Checking method 'abs' with signature 'abs@I' against 'abs@F' 0 0
Debug: Checking method 'abs' with signature 'abs@F' against 'abs@F' 1 1
Debug: Looking up method vtable index for 'abs@F' in class 'Arithmetic'
Debug: Checking method 'abs' with signature 'abs@I' against 'abs@F' 0 0
Debug: Checking method 'abs' with signature 'abs@F' against 'abs@F' 1 1
Debug: Method lookup result: found
                    Gen EXPR for: IDEN (term)
                  Gen EXPR for: IDEN (eps)
                Gen ASM for: STATEMENTS () Scope: 2
                  Gen ASM for: ASSIGN () Scope: 3
                    Gen STMT for: ASSIGN () Scope: 3
                      Gen EXPR for: BIN_OP (/)
                        Gen EXPR for: IDEN (x)
                        Gen EXPR for: IDEN (n)
                  Gen ASM for: ASSIGN () Scope: 3
                    Gen STMT for: ASSIGN () Scope: 3
                      Gen EXPR for: IDEN (term)
                  Gen ASM for: EXPR_STMT () Scope: 3
                    Gen STMT for: EXPR_STMT () Scope: 3
                      Gen EXPR for: POST_INC (++)
                        Gen EXPR for POST-INC/DEC on LVAL type: IDEN
            Gen ASM for: RETURN () Scope: 2
              Gen STMT for: RETURN () Scope: 2
                Gen EXPR for: IDEN (sum)
        Gen ASM for: FUNC_DEF (power@F@I) Scope: 1
          Gen ASM for: STATEMENTS () Scope: 2
            Gen ASM for: IF () Scope: 2
              Gen STMT for: IF () Scope: 2
                Gen BOOL EXPR for: REL_OP (==)
                  Gen EXPR for: IDEN (exponent)
                  Gen EXPR for: NUM (0)
                Gen ASM for: RETURN () Scope: 2
                  Gen STMT for: RETURN () Scope: 2
                    Gen EXPR for: NUM (1)
            Gen ASM for: IF () Scope: 2
              Gen STMT for: IF () Scope: 2
                Gen BOOL EXPR for: REL_OP (<)
                  Gen EXPR for: IDEN (exponent)
                  Gen EXPR for: NUM (0)
                Gen ASM for: RETURN () Scope: 2
                  Gen STMT for: RETURN () Scope: 2
                    Gen EXPR for: BIN_OP (/)
                      Gen EXPR for: NUM (1)
                      Gen EXPR for: FUNC_CALL (power@F@I)
Debug: Checking method 'abs' with signature 'abs@I' against 'power@F@I' 0 0
Debug: Checking method 'abs' with signature 'abs@F' against 'power@F@I' 1 1
Debug: Checking method 'abs' with signature 'abs@F' against 'power@F@I' 2 2
Debug: Checking method 'sqrt' with signature 'sqrt@F' against 'power@F@I' 3 3
Debug: Checking method 'sqrt' with signature 'sqrt@F' against 'power@F@I' 4 4
Debug: Checking method 'exp' with signature 'exp@F' against 'power@F@I' 5 5
Debug: Checking method 'exp' with signature 'exp@F' against 'power@F@I' 6 6
Debug: Checking method 'power' with signature 'power@F@I' against 'power@F@I' 7 7
Debug: Looking up method vtable index for 'power@F@I' in class 'Arithmetic'
Debug: Checking method 'abs' with signature 'abs@I' against 'power@F@I' 0 0
Debug: Checking method 'abs' with signature 'abs@F' against 'power@F@I' 1 1
Debug: Checking method 'abs' with signature 'abs@F' against 'power@F@I' 2 2
Debug: Checking method 'sqrt' with signature 'sqrt@F' against 'power@F@I' 3 3
Debug: Checking method 'sqrt' with signature 'sqrt@F' against 'power@F@I' 4 4
Debug: Checking method 'exp' with signature 'exp@F' against 'power@F@I' 5 5
Debug: Checking method 'exp' with signature 'exp@F' against 'power@F@I' 6 6
Debug: Checking method 'power' with signature 'power@F@I' against 'power@F@I' 7 7
Debug: Method lookup result: found
                        Gen EXPR for: UN_OP (-)
                          Gen EXPR for: IDEN (exponent)
                        Gen EXPR for: IDEN (base)
            Gen ASM for: DECL_STMT () Scope: 2
              Gen STMT for: DECL_STMT () Scope: 2
                Gen ASM for: DECL_LIST () Scope: 2
                  Gen ASM for: VAR_INIT (result) Scope: 2
                    Gen STMT for: VAR_INIT (result) Scope: 2
                      Gen EXPR for: NUM (1)
            Gen ASM for: WHILE () Scope: 2
              Gen STMT for: WHILE () Scope: 2
                Gen BOOL EXPR for: REL_OP (>)
                  Gen EXPR for: IDEN (exponent)
                  Gen EXPR for: NUM (0)
                Gen ASM for: STATEMENTS () Scope: 2
                  Gen ASM for: IF () Scope: 3
                    Gen STMT for: IF () Scope: 3
                      Gen BOOL EXPR for: REL_OP (==)
                        Gen EXPR for: BIN_OP (%)
                          Gen EXPR for: IDEN (exponent)
                          Gen EXPR for: NUM (2)
                        Gen EXPR for: NUM (1)
                      Gen ASM for: ASSIGN () Scope: 3
                        Gen STMT for: ASSIGN () Scope: 3
                          Gen EXPR for: BIN_OP (*)
                            Gen EXPR for: IDEN (result)
                            Gen EXPR for: IDEN (base)
                  Gen ASM for: ASSIGN () Scope: 3
                    Gen STMT for: ASSIGN () Scope: 3
                      Gen EXPR for: BIN_OP (*)
                        Gen EXPR for: IDEN (base)
                        Gen EXPR for: IDEN (base)
                  Gen ASM for: ASSIGN () Scope: 3
                    Gen STMT for: ASSIGN () Scope: 3
                      Gen EXPR for: BIN_OP (/)
                        Gen EXPR for: IDEN (exponent)
                        Gen EXPR for: NUM (2)
            Gen ASM for: RETURN () Scope: 2
              Gen STMT for: RETURN () Scope: 2
                Gen EXPR for: IDEN (result)
        Gen ASM for: FUNC_DEF (power@F@I) Scope: 1
          Gen ASM for: STATEMENTS () Scope: 2
            Gen ASM for: IF () Scope: 2
              Gen STMT for: IF () Scope: 2
                Gen BOOL EXPR for: REL_OP (==)
                  Gen EXPR for: IDEN (exp)
                  Gen EXPR for: NUM (0)
                Gen ASM for: RETURN () Scope: 2
                  Gen STMT for: RETURN () Scope: 2
                    Gen EXPR for: NUM (1)
            Gen ASM for: IF () Scope: 2
              Gen STMT for: IF () Scope: 2
                Gen BOOL EXPR for: REL_OP (<)
                  Gen EXPR for: IDEN (exp)
                  Gen EXPR for: NUM (0)
                Gen ASM for: RETURN () Scope: 2
                  Gen STMT for: RETURN () Scope: 2
                    Gen EXPR for: BIN_OP (/)
                      Gen EXPR for: NUM (1.0)
                      Gen EXPR for: FUNC_CALL (power@F@I)
Debug: Checking method 'abs' with signature 'abs@I' against 'power@F@I' 0 0
Debug: Checking method 'abs' with signature 'abs@F' against 'power@F@I' 1 1
Debug: Checking method 'abs' with signature 'abs@F' against 'power@F@I' 2 2
Debug: Checking method 'sqrt' with signature 'sqrt@F' against 'power@F@I' 3 3
Debug: Checking method 'sqrt' with signature 'sqrt@F' against 'power@F@I' 4 4
Debug: Checking method 'exp' with signature 'exp@F' against 'power@F@I' 5 5
Debug: Checking method 'exp' with signature 'exp@F' against 'power@F@I' 6 6
Debug: Checking method 'power' with signature 'power@F@I' against 'power@F@I' 7 7
Debug: Looking up method vtable index for 'power@F@I' in class 'Arithmetic'
Debug: Checking method 'abs' with signature 'abs@I' against 'power@F@I' 0 0
Debug: Checking method 'abs' with signature 'abs@F' against 'power@F@I' 1 1
Debug: Checking method 'abs' with signature 'abs@F' against 'power@F@I' 2 2
Debug: Checking method 'sqrt' with signature 'sqrt@F' against 'power@F@I' 3 3
Debug: Checking method 'sqrt' with signature 'sqrt@F' against 'power@F@I' 4 4
Debug: Checking method 'exp' with signature 'exp@F' against 'power@F@I' 5 5
Debug: Checking method 'exp' with signature 'exp@F' against 'power@F@I' 6 6
Debug: Checking method 'power' with signature 'power@F@I' against 'power@F@I' 7 7
Debug: Method lookup result: found
                        Gen EXPR for: UN_OP (-)
                          Gen EXPR for: IDEN (exp)
                        Gen EXPR for: IDEN (base)
            Gen ASM for: DECL_STMT () Scope: 2
              Gen STMT for: DECL_STMT () Scope: 2
                Gen ASM for: DECL_LIST () Scope: 2
                  Gen ASM for: VAR_INIT (result) Scope: 2
                    Gen STMT for: VAR_INIT (result) Scope: 2
                      Gen EXPR for: NUM (1)
            Gen ASM for: WHILE () Scope: 2
              Gen STMT for: WHILE () Scope: 2
                Gen BOOL EXPR for: REL_OP (>)
                  Gen EXPR for: IDEN (exp)
                  Gen EXPR for: NUM (0)
                Gen ASM for: STATEMENTS () Scope: 2
                  Gen ASM for: IF () Scope: 3
                    Gen STMT for: IF () Scope: 3
                      Gen BOOL EXPR for: REL_OP (==)
                        Gen EXPR for: BIN_OP (%)
                          Gen EXPR for: IDEN (exp)
                          Gen EXPR for: NUM (2)
                        Gen EXPR for: NUM (1)
                      Gen ASM for: ASSIGN () Scope: 3
                        Gen STMT for: ASSIGN () Scope: 3
                          Gen EXPR for: IDEN (base)
                  Gen ASM for: ASSIGN () Scope: 3
                    Gen STMT for: ASSIGN () Scope: 3
                      Gen EXPR for: IDEN (base)
                  Gen ASM for: ASSIGN () Scope: 3
                    Gen STMT for: ASSIGN () Scope: 3
                      Gen EXPR for: NUM (2)
            Gen ASM for: RETURN () Scope: 2
              Gen STMT for: RETURN () Scope: 2
                Gen EXPR for: IDEN (result)
        Gen ASM for: FUNC_DEF (max@I@I) Scope: 1
          Gen ASM for: STATEMENTS () Scope: 2
            Gen ASM for: IF () Scope: 2
              Gen STMT for: IF () Scope: 2
                Gen BOOL EXPR for: REL_OP (>)
                  Gen EXPR for: IDEN (a)
                  Gen EXPR for: IDEN (b)
                Gen ASM for: STATEMENTS () Scope: 2
                  Gen ASM for: RETURN () Scope: 3
                    Gen STMT for: RETURN () Scope: 3
                      Gen EXPR for: IDEN (a)
            Gen ASM for: RETURN () Scope: 2
              Gen STMT for: RETURN () Scope: 2
                Gen EXPR for: IDEN (b)
        Gen ASM for: FUNC_DEF (max@F@F) Scope: 1
          Gen ASM for: STATEMENTS () Scope: 2
            Gen ASM for: IF () Scope: 2
              Gen STMT for: IF () Scope: 2
                Gen BOOL EXPR for: REL_OP (>)
                  Gen EXPR for: IDEN (a)
                  Gen EXPR for: IDEN (b)
                Gen ASM for: STATEMENTS () Scope: 2
                  Gen ASM for: RETURN () Scope: 3
                    Gen STMT for: RETURN () Scope: 3
                      Gen EXPR for: IDEN (a)
            Gen ASM for: RETURN () Scope: 2
              Gen STMT for: RETURN () Scope: 2
                Gen EXPR for: IDEN (b)
        Gen ASM for: FUNC_DEF (max@F@F) Scope: 1
          Gen ASM for: STATEMENTS () Scope: 2
            Gen ASM for: IF () Scope: 2
              Gen STMT for: IF () Scope: 2
                Gen BOOL EXPR for: REL_OP (>)
                  Gen EXPR for: IDEN (a)
                  Gen EXPR for: IDEN (b)
                Gen ASM for: STATEMENTS () Scope: 2
                  Gen ASM for: RETURN () Scope: 3
                    Gen STMT for: RETURN () Scope: 3
                      Gen EXPR for: IDEN (a)
            Gen ASM for: RETURN () Scope: 2
              Gen STMT for: RETURN () Scope: 2
                Gen EXPR for: IDEN (b)
        Gen ASM for: FUNC_DEF (min@I@I) Scope: 1
          Gen ASM for: STATEMENTS () Scope: 2
            Gen ASM for: IF () Scope: 2
              Gen STMT for: IF () Scope: 2
                Gen BOOL EXPR for: REL_OP (<)
                  Gen EXPR for: IDEN (a)
                  Gen EXPR for: IDEN (b)
                Gen ASM for: STATEMENTS () Scope: 2
                  Gen ASM for: RETURN () Scope: 3
                    Gen STMT for: RETURN () Scope: 3
                      Gen EXPR for: IDEN (a)
            Gen ASM for: RETURN () Scope: 2
              Gen STMT for: RETURN () Scope: 2
                Gen EXPR for: IDEN (b)
        Gen ASM for: FUNC_DEF (min@F@F) Scope: 1
          Gen ASM for: STATEMENTS () Scope: 2
            Gen ASM for: IF () Scope: 2
              Gen STMT for: IF () Scope: 2
                Gen BOOL EXPR for: REL_OP (<)
                  Gen EXPR for: IDEN (a)
                  Gen EXPR for: IDEN (b)
                Gen ASM for: STATEMENTS () Scope: 2
                  Gen ASM for: RETURN () Scope: 3
                    Gen STMT for: RETURN () Scope: 3
                      Gen EXPR for: IDEN (a)
            Gen ASM for: RETURN () Scope: 2
              Gen STMT for: RETURN () Scope: 2
                Gen EXPR for: IDEN (b)
        Gen ASM for: FUNC_DEF (min@F@F) Scope: 1
          Gen ASM for: STATEMENTS () Scope: 2
            Gen ASM for: IF () Scope: 2
              Gen STMT for: IF () Scope: 2
                Gen BOOL EXPR for: REL_OP (>)
                  Gen EXPR for: IDEN (a)
                  Gen EXPR for: IDEN (b)
                Gen ASM for: STATEMENTS () Scope: 2
                  Gen ASM for: RETURN () Scope: 3
                    Gen STMT for: RETURN () Scope: 3
                      Gen EXPR for: IDEN (a)
            Gen ASM for: RETURN () Scope: 2
              Gen STMT for: RETURN () Scope: 2
                Gen EXPR for: IDEN (b)
        Gen ASM for: CONSTRUCTOR_DEFAULT (Arithmetic) Scope: 1
Generating default constructor: Arithmetic.Arithmetic
Generating field initialization for default constructor of class 
Current scope table number: 2
          Generating field initializers for class 'Arithmetic'
