Debug: Adding member variable 'fd' to class 'FileHandler'
Debug: Adding member variable 'isOpen' to class 'FileHandler'
---------------Debug: Constructor index for 'FileHandler': 0
---------------Debug: Constructor signature for 'FileHandler': FileHandler
Debug: Building array type for base type 'C' and index node 'INDEX'
Debug: Processing child 0 of 'PARAM_LIST'
Debug: Child type: 'PARAM_ARRAY' 'fopen'
Debug: Mangling param/arg of array type 'C' with 1 dimensions
Debug: Processing child 1 of 'PARAM_LIST'
Debug: Child type: 'PARAM_LIST' 'fopen@[C'
Debug: Processing child 0 of 'PARAM_LIST'
Debug: Child type: 'PARAM' 'fopen@[C'
Debug: Functionend 'fopen' with mangled name 'fopen@[C@I' declared.
Debug: Functionend 'fclose' with mangled name 'fclose' declared.
Debug: Building array type for base type 'C' and index node 'INDEX'
Debug: Processing child 0 of 'PARAM_LIST'
Debug: Child type: 'PARAM_ARRAY' 'fread'
Debug: Mangling param/arg of array type 'C' with 1 dimensions
Debug: Processing child 1 of 'PARAM_LIST'
Debug: Child type: 'PARAM_LIST' 'fread@[C'
Debug: Processing child 0 of 'PARAM_LIST'
Debug: Child type: 'PARAM' 'fread@[C'
Debug: Functionend 'fread' with mangled name 'fread@[C@I' declared.
Debug: Building array type for base type 'C' and index node 'INDEX'
Debug: Processing child 0 of 'PARAM_LIST'
Debug: Child type: 'PARAM_ARRAY' 'fwrite'
Debug: Mangling param/arg of array type 'C' with 1 dimensions
Debug: Processing child 1 of 'PARAM_LIST'
Debug: Child type: 'PARAM_LIST' 'fwrite@[C'
Debug: Processing child 0 of 'PARAM_LIST'
Debug: Child type: 'PARAM' 'fwrite@[C'
Debug: Functionend 'fwrite' with mangled name 'fwrite@[C@I' declared.
Debug: Functionend 'is_open' with mangled name 'is_open' declared.
Gen ASM for: PROGRAM () Scope: 0
  Gen ASM for: STATEMENTS () Scope: 0
    Gen ASM for: CLASS_DECL (FileHandler) Scope: 0
      Gen ASM for: CLASS_BODY () Scope: 1
        Gen ASM for: MEMBER_DECL () Scope: 1
          Gen STMT for: MEMBER_DECL () Scope: 1
            Gen ASM for: TYPE (I) Scope: 1
              Gen STMT for: TYPE (I) Scope: 1
            Gen ASM for: DECL_LIST () Scope: 1
              Gen ASM for: VAR_DECL (fd) Scope: 1
                Gen STMT for: VAR_DECL (fd) Scope: 1
        Gen ASM for: MEMBER_DECL () Scope: 1
          Gen STMT for: MEMBER_DECL () Scope: 1
            Gen ASM for: TYPE (I) Scope: 1
              Gen STMT for: TYPE (I) Scope: 1
            Gen ASM for: DECL_LIST () Scope: 1
              Gen ASM for: VAR_DECL (isOpen) Scope: 1
                Gen STMT for: VAR_DECL (isOpen) Scope: 1
        Gen ASM for: CONSTRUCTOR (FileHandler) Scope: 1
          Gen ASM for: STATEMENTS () Scope: 2
            Gen ASM for: ASSIGN () Scope: 2
              Gen STMT for: ASSIGN () Scope: 2
                Gen EXPR for: UN_OP (-)
                  Gen EXPR for: NUM (1)
            Gen ASM for: ASSIGN () Scope: 2
              Gen STMT for: ASSIGN () Scope: 2
                Gen EXPR for: NUM (0)
        Gen ASM for: FUNC_DEF (fopen@[C@I) Scope: 1
          Gen ASM for: STATEMENTS () Scope: 2
            Gen ASM for: DECL_STMT () Scope: 2
              Gen STMT for: DECL_STMT () Scope: 2
                Gen ASM for: DECL_LIST () Scope: 2
                  Gen ASM for: VAR_INIT (flags) Scope: 2
                    Gen STMT for: VAR_INIT (flags) Scope: 2
                      Gen EXPR for: NUM (0)
            Gen ASM for: IF_ELSE () Scope: 2
              Gen STMT for: IF_ELSE () Scope: 2
                Gen BOOL EXPR for: REL_OP (==)
                  Gen EXPR for: IDEN (mode)
                  Gen EXPR for: NUM (0)
                Gen ASM for: STATEMENTS () Scope: 2
                  Gen ASM for: ASSIGN () Scope: 3
                    Gen STMT for: ASSIGN () Scope: 3
                      Gen EXPR for: NUM (0)
                Gen ASM for: IF_ELSE () Scope: 2
                  Gen STMT for: IF_ELSE () Scope: 2
                    Gen BOOL EXPR for: REL_OP (==)
                      Gen EXPR for: IDEN (mode)
                      Gen EXPR for: NUM (1)
                    Gen ASM for: STATEMENTS () Scope: 2
                      Gen ASM for: ASSIGN () Scope: 3
                        Gen STMT for: ASSIGN () Scope: 3
                          Gen EXPR for: NUM (577)
                    Gen ASM for: IF () Scope: 2
                      Gen STMT for: IF () Scope: 2
                        Gen BOOL EXPR for: REL_OP (==)
                          Gen EXPR for: IDEN (mode)
                          Gen EXPR for: NUM (2)
                        Gen ASM for: STATEMENTS () Scope: 2
                          Gen ASM for: ASSIGN () Scope: 3
                            Gen STMT for: ASSIGN () Scope: 3
                              Gen EXPR for: NUM (1089)
            Gen ASM for: ASSIGN () Scope: 2
              Gen STMT for: ASSIGN () Scope: 2
                Gen EXPR for: SYS_CALL (open)
Codegen Warning: Unhandled expression type 'SYS_CALL'
                  Gen EXPR for: IDEN (filename)
                  Gen EXPR for: IDEN (flags)
                  Gen EXPR for: NUM (0644)
            Gen ASM for: IF () Scope: 2
              Gen STMT for: IF () Scope: 2
                Gen BOOL EXPR for: REL_OP (<)
                  Gen EXPR for: IDEN (fd)
                  Gen EXPR for: NUM (0)
                Gen ASM for: STATEMENTS () Scope: 2
                  Gen ASM for: ASSIGN () Scope: 3
                    Gen STMT for: ASSIGN () Scope: 3
                      Gen EXPR for: NUM (0)
                  Gen ASM for: RETURN () Scope: 3
                    Gen STMT for: RETURN () Scope: 3
                      Gen EXPR for: UN_OP (-)
                        Gen EXPR for: NUM (1)
            Gen ASM for: ASSIGN () Scope: 2
              Gen STMT for: ASSIGN () Scope: 2
                Gen EXPR for: NUM (1)
            Gen ASM for: RETURN () Scope: 2
              Gen STMT for: RETURN () Scope: 2
                Gen EXPR for: NUM (0)
        Gen ASM for: FUNC_DEF (fclose) Scope: 1
          Gen ASM for: STATEMENTS () Scope: 2
            Gen ASM for: IF () Scope: 2
              Gen STMT for: IF () Scope: 2
                Gen BOOL EXPR for: REL_OP (==)
                  Gen EXPR for: IDEN (isOpen)
                  Gen EXPR for: NUM (1)
                Gen ASM for: STATEMENTS () Scope: 2
                  Gen ASM for: EXPR_STMT () Scope: 3
                    Gen STMT for: EXPR_STMT () Scope: 3
                      Gen EXPR for: SYS_CALL (close)
Codegen Warning: Unhandled expression type 'SYS_CALL'
                        Gen EXPR for: IDEN (fd)
                  Gen ASM for: ASSIGN () Scope: 3
                    Gen STMT for: ASSIGN () Scope: 3
                      Gen EXPR for: UN_OP (-)
                        Gen EXPR for: NUM (1)
                  Gen ASM for: ASSIGN () Scope: 3
                    Gen STMT for: ASSIGN () Scope: 3
                      Gen EXPR for: NUM (0)
        Gen ASM for: FUNC_DEF (fread@[C@I) Scope: 1
          Gen ASM for: STATEMENTS () Scope: 2
            Gen ASM for: IF () Scope: 2
              Gen STMT for: IF () Scope: 2
                Gen BOOL EXPR for: REL_OP (==)
                  Gen EXPR for: IDEN (isOpen)
                  Gen EXPR for: NUM (0)
                Gen ASM for: STATEMENTS () Scope: 2
                  Gen ASM for: RETURN () Scope: 3
                    Gen STMT for: RETURN () Scope: 3
                      Gen EXPR for: UN_OP (-)
                        Gen EXPR for: NUM (1)
            Gen ASM for: DECL_STMT () Scope: 2
              Gen STMT for: DECL_STMT () Scope: 2
                Gen ASM for: DECL_LIST () Scope: 2
                  Gen ASM for: VAR_INIT (bytesRead) Scope: 2
                    Gen STMT for: VAR_INIT (bytesRead) Scope: 2
                      Gen EXPR for: SYS_CALL (read)
Codegen Warning: Unhandled expression type 'SYS_CALL'
                        Gen EXPR for: IDEN (fd)
                        Gen EXPR for: IDEN (buffer)
                        Gen EXPR for: IDEN (size)
            Gen ASM for: RETURN () Scope: 2
              Gen STMT for: RETURN () Scope: 2
                Gen EXPR for: IDEN (bytesRead)
        Gen ASM for: FUNC_DEF (fwrite@[C@I) Scope: 1
          Gen ASM for: STATEMENTS () Scope: 2
            Gen ASM for: IF () Scope: 2
              Gen STMT for: IF () Scope: 2
                Gen BOOL EXPR for: REL_OP (==)
                  Gen EXPR for: IDEN (isOpen)
                  Gen EXPR for: NUM (0)
                Gen ASM for: STATEMENTS () Scope: 2
                  Gen ASM for: RETURN () Scope: 3
                    Gen STMT for: RETURN () Scope: 3
                      Gen EXPR for: UN_OP (-)
                        Gen EXPR for: NUM (1)
            Gen ASM for: DECL_STMT () Scope: 2
              Gen STMT for: DECL_STMT () Scope: 2
                Gen ASM for: DECL_LIST () Scope: 2
                  Gen ASM for: VAR_INIT (bytesWritten) Scope: 2
                    Gen STMT for: VAR_INIT (bytesWritten) Scope: 2
                      Gen EXPR for: SYS_CALL (write)
Codegen Warning: Unhandled expression type 'SYS_CALL'
                        Gen EXPR for: IDEN (fd)
                        Gen EXPR for: IDEN (buffer)
                        Gen EXPR for: IDEN (size)
            Gen ASM for: RETURN () Scope: 2
              Gen STMT for: RETURN () Scope: 2
                Gen EXPR for: IDEN (bytesWritten)
        Gen ASM for: FUNC_DEF (is_open) Scope: 1
          Gen ASM for: STATEMENTS () Scope: 2
            Gen ASM for: RETURN () Scope: 2
              Gen STMT for: RETURN () Scope: 2
                Gen EXPR for: IDEN (isOpen)
