Debug: Adding member variable 'clflag' to class 'Termios'
---------------Debug: Constructor index for 'Termios': 0
---------------Debug: Constructor signature for 'Termios': Termios
Debug: Processing child 0 of 'PARAM_LIST'
Debug: Child type: 'PARAM' 'copyFrom'
Debug: Checking for override of method 'copyFrom' with signature 'copyFrom@Termios' in class 'Termios'
Debug: Functionend 'copyFrom' with mangled name 'copyFrom@Termios' declared.
mangled name: tcsetattr
Debug: Processing child 0 of 'ARG_LIST'
mangled name: tcsetattr
Debug: Child type: 'I'
Debug: Processing child 1 of 'ARG_LIST'
mangled name: tcsetattr@I
Debug: Child type: 'I'
Debug: Processing child 2 of 'ARG_LIST'
mangled name: tcsetattr@I@I
Debug: Child type: 'Termios'
Debug: Checking for override of method 'disableRawMode' with signature 'disableRawMode' in class 'TerminalHandler'
Debug: Functionend 'disableRawMode' with mangled name 'disableRawMode' declared.
mangled name: tcgetattr
Debug: Processing child 0 of 'ARG_LIST'
mangled name: tcgetattr
Debug: Child type: 'I'
Debug: Processing child 1 of 'ARG_LIST'
mangled name: tcgetattr@I
Debug: Child type: 'Termios'
mangled name: copyFrom
Debug: Processing child 0 of 'ARG_LIST'
mangled name: copyFrom
Debug: Child type: 'Termios'
Debug: Checking method 'Termios' with signature 'Termios' against 'copyFrom@Termios' 0 0
Debug: Checking method 'copyFrom' with signature 'copyFrom@Termios' against 'copyFrom@Termios' 1 1
mangled name: tcsetattr
Debug: Processing child 0 of 'ARG_LIST'
mangled name: tcsetattr
Debug: Child type: 'I'
Debug: Processing child 1 of 'ARG_LIST'
mangled name: tcsetattr@I
Debug: Child type: 'I'
Debug: Processing child 2 of 'ARG_LIST'
mangled name: tcsetattr@I@I
Debug: Child type: 'Termios'
Debug: Checking for override of method 'enableRawMode' with signature 'enableRawMode' in class 'TerminalHandler'
Debug: Functionend 'enableRawMode' with mangled name 'enableRawMode' declared.
Debug: Processing child 0 of 'PARAM_LIST'
Debug: Child type: 'PARAM' 'tcgetattr'
Debug: Processing child 1 of 'PARAM_LIST'
Debug: Child type: 'PARAM_LIST' 'tcgetattr@I'
Debug: Processing child 0 of 'PARAM_LIST'
Debug: Child type: 'PARAM' 'tcgetattr@I'
Debug: Checking for override of method 'tcgetattr' with signature 'tcgetattr@I@Termios' in class 'TerminalHandler'
Debug: Functionend 'tcgetattr' with mangled name 'tcgetattr@I@Termios' declared.
Debug: Processing child 0 of 'PARAM_LIST'
Debug: Child type: 'PARAM' 'tcsetattr'
Debug: Processing child 1 of 'PARAM_LIST'
Debug: Child type: 'PARAM_LIST' 'tcsetattr@I'
Debug: Processing child 0 of 'PARAM_LIST'
Debug: Child type: 'PARAM' 'tcsetattr@I'
Debug: Processing child 1 of 'PARAM_LIST'
Debug: Child type: 'PARAM_LIST' 'tcsetattr@I@I'
Debug: Processing child 0 of 'PARAM_LIST'
Debug: Child type: 'PARAM' 'tcsetattr@I@I'
Debug: Checking for override of method 'tcsetattr' with signature 'tcsetattr@I@I@Termios' in class 'TerminalHandler'
Debug: Functionend 'tcsetattr' with mangled name 'tcsetattr@I@I@Termios' declared.
Debug: No constructor found for 'TerminalHandler'. Synthesizing a default constructor node.
Gen ASM for: PROGRAM () Scope: 0
  Gen ASM for: STATEMENTS () Scope: 0
    Gen ASM for: CLASS_DECL (Termios) Scope: 0
      Gen ASM for: CLASS_BODY () Scope: 1
        Gen ASM for: CONSTRUCTOR (Termios) Scope: 1
          Generating field initializers for class 'Termios'
            Field 'clflag' has no initializer, generating default.
          Gen ASM for: STATEMENTS () Scope: 2
            Gen ASM for: ASSIGN () Scope: 2
              Gen STMT for: ASSIGN () Scope: 2
                Gen EXPR for: NUM (0)
        Gen ASM for: FUNC_DEF (copyFrom@Termios) Scope: 1
          Gen ASM for: STATEMENTS () Scope: 2
            Gen ASM for: ASSIGN () Scope: 2
              Gen STMT for: ASSIGN () Scope: 2
                Gen EXPR for: MEMBER_VAR_ACCESS (clflag)
                  Gen LVAL ADDR for: MEMBER_VAR_ACCESS (clflag)
                    Gen EXPR for: IDEN (src)
    Gen ASM for: CLASS_DECL (TerminalHandler) Scope: 0
      Gen ASM for: CLASS_BODY () Scope: 1
        Gen ASM for: FUNC_DEF (disableRawMode) Scope: 1
          Gen ASM for: STATEMENTS () Scope: 2
            Gen ASM for: EXPR_STMT () Scope: 2
              Gen STMT for: EXPR_STMT () Scope: 2
                Gen EXPR for: FUNC_CALL (tcsetattr@I@I@Termios)
Debug: Checking method 'disableRawMode' with signature 'disableRawMode' against 'tcsetattr@I@I@Termios' 0 0
Debug: Checking method 'enableRawMode' with signature 'enableRawMode' against 'tcsetattr@I@I@Termios' 1 1
Debug: Checking method 'tcgetattr' with signature 'tcgetattr@I@Termios' against 'tcsetattr@I@I@Termios' 2 2
Debug: Checking method 'tcsetattr' with signature 'tcsetattr@I@I@Termios' against 'tcsetattr@I@I@Termios' 3 3
Debug: Looking up method vtable index for 'tcsetattr@I@I@Termios' in class 'TerminalHandler'
Debug: Checking method 'disableRawMode' with signature 'disableRawMode' against 'tcsetattr@I@I@Termios' 0 0
Debug: Checking method 'enableRawMode' with signature 'enableRawMode' against 'tcsetattr@I@I@Termios' 1 1
Debug: Checking method 'tcgetattr' with signature 'tcgetattr@I@Termios' against 'tcsetattr@I@I@Termios' 2 2
Debug: Checking method 'tcsetattr' with signature 'tcsetattr@I@I@Termios' against 'tcsetattr@I@I@Termios' 3 3
Debug: Method lookup result: found
                  Gen EXPR for: IDEN (Eorigtermios)
Looking up field index for member object 'Eorigtermios' in class 'TerminalHandler'
                  Gen EXPR for: NUM (2)
                  Gen EXPR for: NUM (0)
        Gen ASM for: FUNC_DEF (enableRawMode) Scope: 1
          Gen ASM for: STATEMENTS () Scope: 2
            Gen ASM for: EXPR_STMT () Scope: 2
              Gen STMT for: EXPR_STMT () Scope: 2
                Gen EXPR for: FUNC_CALL (tcgetattr@I@Termios)
Debug: Checking method 'disableRawMode' with signature 'disableRawMode' against 'tcgetattr@I@Termios' 0 0
Debug: Checking method 'enableRawMode' with signature 'enableRawMode' against 'tcgetattr@I@Termios' 1 1
Debug: Checking method 'tcgetattr' with signature 'tcgetattr@I@Termios' against 'tcgetattr@I@Termios' 2 2
Debug: Looking up method vtable index for 'tcgetattr@I@Termios' in class 'TerminalHandler'
Debug: Checking method 'disableRawMode' with signature 'disableRawMode' against 'tcgetattr@I@Termios' 0 0
Debug: Checking method 'enableRawMode' with signature 'enableRawMode' against 'tcgetattr@I@Termios' 1 1
Debug: Checking method 'tcgetattr' with signature 'tcgetattr@I@Termios' against 'tcgetattr@I@Termios' 2 2
Debug: Method lookup result: found
                  Gen EXPR for: IDEN (Eorigtermios)
Looking up field index for member object 'Eorigtermios' in class 'TerminalHandler'
                  Gen EXPR for: NUM (0)
            Gen ASM for: EXPR_STMT () Scope: 2
              Gen STMT for: EXPR_STMT () Scope: 2
                Gen EXPR for: SYS_CALL (write)
                  Gen EXPR for: STRING_LIT ("Raw mode enabled.\n")
                  Gen EXPR for: NUM (18)
                  Gen EXPR for: NUM (1)
            Gen ASM for: EMPTY_STMT () Scope: 2
              Gen STMT for: EMPTY_STMT () Scope: 2
            Gen ASM for: OBJ_DECL (raw) Scope: 2
              Gen STMT for: OBJ_DECL (raw) Scope: 2
            Gen ASM for: EXPR_STMT () Scope: 2
              Gen STMT for: EXPR_STMT () Scope: 2
                Gen EXPR for: MEMBER_FUNC_ACCESS ()
                  Gen EXPR for: IDEN (Eorigtermios)
Looking up field index for member object 'Eorigtermios' in class 'TerminalHandler'
                  Gen EXPR for: IDEN (raw)
Generating code for method call: copyFrom@Termios on object of type Termios
Debug: Looking up method vtable index for 'copyFrom@Termios' in class 'Termios'
Debug: Checking method 'Termios' with signature 'Termios' against 'copyFrom@Termios' 0 0
Debug: Checking method 'copyFrom' with signature 'copyFrom@Termios' against 'copyFrom@Termios' 1 1
Debug: Method lookup result: found
Debug: Checking method 'Termios' with signature 'Termios' against 'copyFrom@Termios' 0 0
Debug: Checking method 'copyFrom' with signature 'copyFrom@Termios' against 'copyFrom@Termios' 1 1
                  Gen EXPR for: IDEN (raw)
            Gen ASM for: ASSIGN () Scope: 2
              Gen STMT for: ASSIGN () Scope: 2
                Gen LVAL ADDR for: MEMBER_VAR_ACCESS (clflag)
                  Gen EXPR for: IDEN (raw)
                Gen EXPR for: BIN_OP (*)
                  Gen EXPR for: BIN_OP (/)
                    Gen EXPR for: MEMBER_VAR_ACCESS (clflag)
                      Gen LVAL ADDR for: MEMBER_VAR_ACCESS (clflag)
                        Gen EXPR for: IDEN (raw)
                    Gen EXPR for: NUM (4)
                  Gen EXPR for: NUM (4)
            Gen ASM for: EXPR_STMT () Scope: 2
              Gen STMT for: EXPR_STMT () Scope: 2
                Gen EXPR for: FUNC_CALL (tcsetattr@I@I@Termios)
Debug: Checking method 'disableRawMode' with signature 'disableRawMode' against 'tcsetattr@I@I@Termios' 0 0
Debug: Checking method 'enableRawMode' with signature 'enableRawMode' against 'tcsetattr@I@I@Termios' 1 1
Debug: Checking method 'tcgetattr' with signature 'tcgetattr@I@Termios' against 'tcsetattr@I@I@Termios' 2 2
Debug: Checking method 'tcsetattr' with signature 'tcsetattr@I@I@Termios' against 'tcsetattr@I@I@Termios' 3 3
Debug: Looking up method vtable index for 'tcsetattr@I@I@Termios' in class 'TerminalHandler'
Debug: Checking method 'disableRawMode' with signature 'disableRawMode' against 'tcsetattr@I@I@Termios' 0 0
Debug: Checking method 'enableRawMode' with signature 'enableRawMode' against 'tcsetattr@I@I@Termios' 1 1
Debug: Checking method 'tcgetattr' with signature 'tcgetattr@I@Termios' against 'tcsetattr@I@I@Termios' 2 2
Debug: Checking method 'tcsetattr' with signature 'tcsetattr@I@I@Termios' against 'tcsetattr@I@I@Termios' 3 3
Debug: Method lookup result: found
                  Gen EXPR for: IDEN (raw)
                  Gen EXPR for: NUM (2)
                  Gen EXPR for: NUM (0)
        Gen ASM for: FUNC_DEF (tcgetattr@I@Termios) Scope: 1
          Gen ASM for: STATEMENTS () Scope: 2
            Gen ASM for: ASSIGN () Scope: 2
              Gen STMT for: ASSIGN () Scope: 2
                Gen LVAL ADDR for: MEMBER_VAR_ACCESS (clflag)
                  Gen EXPR for: IDEN (t)
                Gen EXPR for: NUM (1)
        Gen ASM for: FUNC_DEF (tcsetattr@I@I@Termios) Scope: 1
          Gen ASM for: STATEMENTS () Scope: 2
            Gen ASM for: EXPR_STMT () Scope: 2
              Gen STMT for: EXPR_STMT () Scope: 2
                Gen EXPR for: SYS_CALL (write)
                  Gen EXPR for: STRING_LIT ("Termios attributes set.\n")
                  Gen EXPR for: NUM (25)
                  Gen EXPR for: NUM (1)
            Gen ASM for: EMPTY_STMT () Scope: 2
              Gen STMT for: EMPTY_STMT () Scope: 2
        Gen ASM for: CONSTRUCTOR_DEFAULT (TerminalHandler) Scope: 1
Generating default constructor: TerminalHandler.TerminalHandler
Generating field initialization for default constructor of class 
Current scope table number: 2
          Generating field initializers for class 'TerminalHandler'
            Field 'Eorigtermios' has no initializer, generating default.
Debug: Looking up method vtable index for 'Termios' in class 'Termios'
Debug: Checking method 'Termios' with signature 'Termios' against 'Termios' 0 0
Debug: Method lookup result: found
